  Checking Build System
  CMake is re-running because C:/Users/gbrill/catkin_ws/src/rplidar_ros/CMakeFiles/generate.stamp is out-of-date.
    the file 'C:/Users/gbrill/catkin_ws/src/rplidar_ros/CMakeLists.txt'
    is newer than 'C:/Users/gbrill/catkin_ws/src/rplidar_ros/CMakeFiles/generate.stamp.depend'
    result='-1'
  -- Using CATKIN_DEVEL_PREFIX: C:/Users/gbrill/catkin_ws/src/rplidar_ros/devel
  -- Using CMAKE_PREFIX_PATH: C:/ros/kinetic/share/catkin;C:/ros/kinetic/share/cpp_common
  -- Using PYTHON_EXECUTABLE: C:/opt/python27amd64/python.exe
  -- Using default Python package layout
  -- Using empy: C:/opt/python27amd64/lib/site-packages/em.pyc
  -- Using CATKIN_ENABLE_TESTING: ON
  -- Call enable_testing()
  -- Using CATKIN_TEST_RESULTS_DIR: C:/Users/gbrill/catkin_ws/src/rplidar_ros/test_results
  -- Found gtest: gtests will be built
  -- Using Python nosetests: C:/opt/python27amd64/Scripts/nosetests-2.7.exe
  -- catkin 0.7.14
  -- BUILD_SHARED_LIBS is on
  Traceback (most recent call last):
    File "C:/Users/gbrill/catkin_ws/src/rplidar_ros/catkin_generated/generate_cached_setup.py", line 20, in <module>
      from catkin.environment_cache import generate_environment_script
  ImportError: No module named catkin.environment_cache
  CMake Error at C:/opt/ros/melodic/x64/share/catkin/cmake/safe_execute_process.cmake:11 (message):
    execute_process(C:/opt/python27amd64/python.exe
    "C:/Users/gbrill/catkin_ws/src/rplidar_ros/catkin_generated/generate_cached_setup.py")
    returned error code 1
  Call Stack (most recent call first):
    C:/opt/ros/melodic/x64/share/catkin/cmake/all.cmake:207 (safe_execute_process)
    C:/opt/ros/melodic/x64/share/catkin/cmake/catkinConfig.cmake:20 (include)
    CMakeLists.txt:14 (find_package)
  
  
  -- Configuring incomplete, errors occurred!
  See also "C:/Users/gbrill/catkin_ws/src/rplidar_ros/CMakeFiles/CMakeOutput.log".
  See also "C:/Users/gbrill/catkin_ws/src/rplidar_ros/CMakeFiles/CMakeError.log".
  CMake Configure step failed.  Build files cannot be regenerated correctly.  Attempting to stop IDE build.
C:\Program Files (x86)\Microsoft Visual Studio\2017\Professional\Common7\IDE\VC\VCTargets\Microsoft.CppCommon.targets(209,5): error MSB6006: "cmd.exe" exited with code -1073741819.
